[12-May-2016 14:44:02] PHP Fatal error:  Uncaught exception 'Zend_Controller_Dispatcher_Exception' with message 'Invalid controller specified (img)' in /home_ext/hamaguchi/jia/lib/zend/Zend/Controller/Dispatcher/Standard.php:189
Stack trace:
#0 /home_ext/hamaguchi/jia/lib/zend/Zend/Controller/Front.php(889): Zend_Controller_Dispatcher_Standard->dispatch(Object(Zend_Controller_Request_Http), Object(Zend_Controller_Response_Http))
#1 /home_ext/hamaguchi/jia/public/index.php(28): Zend_Controller_Front->dispatch()
#2 {main}
  thrown in /home_ext/hamaguchi/jia/lib/zend/Zend/Controller/Dispatcher/Standard.php on line 189
[12-May-2016 14:44:03] PHP Fatal error:  Uncaught exception 'Zend_Controller_Dispatcher_Exception' with message 'Invalid controller specified (member)' in /home_ext/hamaguchi/jia/lib/zend/Zend/Controller/Dispatcher/Standard.php:189
Stack trace:
#0 /home_ext/hamaguchi/jia/lib/zend/Zend/Controller/Front.php(889): Zend_Controller_Dispatcher_Standard->dispatch(Object(Zend_Controller_Request_Http), Object(Zend_Controller_Response_Http))
#1 /home_ext/hamaguchi/jia/public/index.php(28): Zend_Controller_Front->dispatch()
#2 {main}
  thrown in /home_ext/hamaguchi/jia/lib/zend/Zend/Controller/Dispatcher/Standard.php on line 189
[12-May-2016 14:44:03] PHP Fatal error:  Uncaught exception 'Zend_Controller_Dispatcher_Exception' with message 'Invalid controller specified (img)' in /home_ext/hamaguchi/jia/lib/zend/Zend/Controller/Dispatcher/Standard.php:189
Stack trace:
#0 /home_ext/hamaguchi/jia/lib/zend/Zend/Controller/Front.php(889): Zend_Controller_Dispatcher_Standard->dispatch(Object(Zend_Controller_Request_Http), Object(Zend_Controller_Response_Http))
#1 /home_ext/hamaguchi/jia/public/index.php(28): Zend_Controller_Front->dispatch()
#2 {main}
  thrown in /home_ext/hamaguchi/jia/lib/zend/Zend/Controller/Dispatcher/Standard.php on line 189
[12-May-2016 14:44:03] PHP Fatal error:  Uncaught exception 'Zend_Controller_Dispatcher_Exception' with message 'Invalid controller specified (img)' in /home_ext/hamaguchi/jia/lib/zend/Zend/Controller/Dispatcher/Standard.php:189
Stack trace:
#0 /home_ext/hamaguchi/jia/lib/zend/Zend/Controller/Front.php(889): Zend_Controller_Dispatcher_Standard->dispatch(Object(Zend_Controller_Request_Http), Object(Zend_Controller_Response_Http))
#1 /home_ext/hamaguchi/jia/public/index.php(28): Zend_Controller_Front->dispatch()
#2 {main}
  thrown in /home_ext/hamaguchi/jia/lib/zend/Zend/Controller/Dispatcher/Standard.php on line 189
[12-May-2016 14:44:03] PHP Fatal error:  Uncaught exception 'Zend_Controller_Dispatcher_Exception' with message 'Invalid controller specified (img)' in /home_ext/hamaguchi/jia/lib/zend/Zend/Controller/Dispatcher/Standard.php:189
Stack trace:
#0 /home_ext/hamaguchi/jia/lib/zend/Zend/Controller/Front.php(889): Zend_Controller_Dispatcher_Standard->dispatch(Object(Zend_Controller_Request_Http), Object(Zend_Controller_Response_Http))
#1 /home_ext/hamaguchi/jia/public/index.php(28): Zend_Controller_Front->dispatch()
#2 {main}
  thrown in /home_ext/hamaguchi/jia/lib/zend/Zend/Controller/Dispatcher/Standard.php on line 189
[12-May-2016 14:44:03] PHP Fatal error:  Uncaught exception 'Zend_Controller_Dispatcher_Exception' with message 'Invalid controller specified (img)' in /home_ext/hamaguchi/jia/lib/zend/Zend/Controller/Dispatcher/Standard.php:189
Stack trace:
#0 /home_ext/hamaguchi/jia/lib/zend/Zend/Controller/Front.php(889): Zend_Controller_Dispatcher_Standard->dispatch(Object(Zend_Controller_Request_Http), Object(Zend_Controller_Response_Http))
#1 /home_ext/hamaguchi/jia/public/index.php(28): Zend_Controller_Front->dispatch()
#2 {main}
  thrown in /home_ext/hamaguchi/jia/lib/zend/Zend/Controller/Dispatcher/Standard.php on line 189
[12-May-2016 14:44:03] PHP Fatal error:  Uncaught exception 'Zend_Controller_Dispatcher_Exception' with message 'Invalid controller specified (img)' in /home_ext/hamaguchi/jia/lib/zend/Zend/Controller/Dispatcher/Standard.php:189
Stack trace:
#0 /home_ext/hamaguchi/jia/lib/zend/Zend/Controller/Front.php(889): Zend_Controller_Dispatcher_Standard->dispatch(Object(Zend_Controller_Request_Http), Object(Zend_Controller_Response_Http))
#1 /home_ext/hamaguchi/jia/public/index.php(28): Zend_Controller_Front->dispatch()
#2 {main}
  thrown in /home_ext/hamaguchi/jia/lib/zend/Zend/Controller/Dispatcher/Standard.php on line 189
[12-May-2016 14:44:22] PHP Fatal error:  Uncaught exception 'Zend_Controller_Dispatcher_Exception' with message 'Invalid controller specified (mc_images)' in /home_ext/hamaguchi/jia/lib/zend/Zend/Controller/Dispatcher/Standard.php:189
Stack trace:
#0 /home_ext/hamaguchi/jia/lib/zend/Zend/Controller/Front.php(889): Zend_Controller_Dispatcher_Standard->dispatch(Object(Zend_Controller_Request_Http), Object(Zend_Controller_Response_Http))
#1 /home_ext/hamaguchi/jia/public/index.php(28): Zend_Controller_Front->dispatch()
#2 {main}
  thrown in /home_ext/hamaguchi/jia/lib/zend/Zend/Controller/Dispatcher/Standard.php on line 189
[12-May-2016 14:44:22] PHP Fatal error:  Uncaught exception 'Zend_Controller_Dispatcher_Exception' with message 'Invalid controller specified (mc_images)' in /home_ext/hamaguchi/jia/lib/zend/Zend/Controller/Dispatcher/Standard.php:189
Stack trace:
#0 /home_ext/hamaguchi/jia/lib/zend/Zend/Controller/Front.php(889): Zend_Controller_Dispatcher_Standard->dispatch(Object(Zend_Controller_Request_Http), Object(Zend_Controller_Response_Http))
#1 /home_ext/hamaguchi/jia/public/index.php(28): Zend_Controller_Front->dispatch()
#2 {main}
  thrown in /home_ext/hamaguchi/jia/lib/zend/Zend/Controller/Dispatcher/Standard.php on line 189
[12-May-2016 14:44:22] PHP Fatal error:  Uncaught exception 'Zend_Controller_Dispatcher_Exception' with message 'Invalid controller specified (mc_images)' in /home_ext/hamaguchi/jia/lib/zend/Zend/Controller/Dispatcher/Standard.php:189
Stack trace:
#0 /home_ext/hamaguchi/jia/lib/zend/Zend/Controller/Front.php(889): Zend_Controller_Dispatcher_Standard->dispatch(Object(Zend_Controller_Request_Http), Object(Zend_Controller_Response_Http))
#1 /home_ext/hamaguchi/jia/public/index.php(28): Zend_Controller_Front->dispatch()
#2 {main}
  thrown in /home_ext/hamaguchi/jia/lib/zend/Zend/Controller/Dispatcher/Standard.php on line 189
[12-May-2016 14:44:22] PHP Fatal error:  Uncaught exception 'Zend_Controller_Dispatcher_Exception' with message 'Invalid controller specified (mc_images)' in /home_ext/hamaguchi/jia/lib/zend/Zend/Controller/Dispatcher/Standard.php:189
Stack trace:
#0 /home_ext/hamaguchi/jia/lib/zend/Zend/Controller/Front.php(889): Zend_Controller_Dispatcher_Standard->dispatch(Object(Zend_Controller_Request_Http), Object(Zend_Controller_Response_Http))
#1 /home_ext/hamaguchi/jia/public/index.php(28): Zend_Controller_Front->dispatch()
#2 {main}
  thrown in /home_ext/hamaguchi/jia/lib/zend/Zend/Controller/Dispatcher/Standard.php on line 189
[12-May-2016 14:44:22] PHP Fatal error:  Uncaught exception 'Zend_Controller_Dispatcher_Exception' with message 'Invalid controller specified (mc_images)' in /home_ext/hamaguchi/jia/lib/zend/Zend/Controller/Dispatcher/Standard.php:189
Stack trace:
#0 /home_ext/hamaguchi/jia/lib/zend/Zend/Controller/Front.php(889): Zend_Controller_Dispatcher_Standard->dispatch(Object(Zend_Controller_Request_Http), Object(Zend_Controller_Response_Http))
#1 /home_ext/hamaguchi/jia/public/index.php(28): Zend_Controller_Front->dispatch()
#2 {main}
  thrown in /home_ext/hamaguchi/jia/lib/zend/Zend/Controller/Dispatcher/Standard.php on line 189
[12-May-2016 14:45:44] PHP Fatal error:  Uncaught exception 'Zend_Controller_Dispatcher_Exception' with message 'Invalid controller specified (mc_images)' in /home_ext/hamaguchi/jia/lib/zend/Zend/Controller/Dispatcher/Standard.php:189
Stack trace:
#0 /home_ext/hamaguchi/jia/lib/zend/Zend/Controller/Front.php(889): Zend_Controller_Dispatcher_Standard->dispatch(Object(Zend_Controller_Request_Http), Object(Zend_Controller_Response_Http))
#1 /home_ext/hamaguchi/jia/public/index.php(28): Zend_Controller_Front->dispatch()
#2 {main}
  thrown in /home_ext/hamaguchi/jia/lib/zend/Zend/Controller/Dispatcher/Standard.php on line 189
[12-May-2016 14:45:44] PHP Fatal error:  Uncaught exception 'Zend_Controller_Dispatcher_Exception' with message 'Invalid controller specified (mc_images)' in /home_ext/hamaguchi/jia/lib/zend/Zend/Controller/Dispatcher/Standard.php:189
Stack trace:
#0 /home_ext/hamaguchi/jia/lib/zend/Zend/Controller/Front.php(889): Zend_Controller_Dispatcher_Standard->dispatch(Object(Zend_Controller_Request_Http), Object(Zend_Controller_Response_Http))
#1 /home_ext/hamaguchi/jia/public/index.php(28): Zend_Controller_Front->dispatch()
#2 {main}
  thrown in /home_ext/hamaguchi/jia/lib/zend/Zend/Controller/Dispatcher/Standard.php on line 189
[12-May-2016 14:45:44] PHP Fatal error:  Uncaught exception 'Zend_Controller_Dispatcher_Exception' with message 'Invalid controller specified (mc_images)' in /home_ext/hamaguchi/jia/lib/zend/Zend/Controller/Dispatcher/Standard.php:189
Stack trace:
#0 /home_ext/hamaguchi/jia/lib/zend/Zend/Controller/Front.php(889): Zend_Controller_Dispatcher_Standard->dispatch(Object(Zend_Controller_Request_Http), Object(Zend_Controller_Response_Http))
#1 /home_ext/hamaguchi/jia/public/index.php(28): Zend_Controller_Front->dispatch()
#2 {main}
  thrown in /home_ext/hamaguchi/jia/lib/zend/Zend/Controller/Dispatcher/Standard.php on line 189
[12-May-2016 14:45:44] PHP Fatal error:  Uncaught exception 'Zend_Controller_Dispatcher_Exception' with message 'Invalid controller specified (mc_images)' in /home_ext/hamaguchi/jia/lib/zend/Zend/Controller/Dispatcher/Standard.php:189
Stack trace:
#0 /home_ext/hamaguchi/jia/lib/zend/Zend/Controller/Front.php(889): Zend_Controller_Dispatcher_Standard->dispatch(Object(Zend_Controller_Request_Http), Object(Zend_Controller_Response_Http))
#1 /home_ext/hamaguchi/jia/public/index.php(28): Zend_Controller_Front->dispatch()
#2 {main}
  thrown in /home_ext/hamaguchi/jia/lib/zend/Zend/Controller/Dispatcher/Standard.php on line 189
[12-May-2016 14:45:44] PHP Fatal error:  Uncaught exception 'Zend_Controller_Dispatcher_Exception' with message 'Invalid controller specified (mc_images)' in /home_ext/hamaguchi/jia/lib/zend/Zend/Controller/Dispatcher/Standard.php:189
Stack trace:
#0 /home_ext/hamaguchi/jia/lib/zend/Zend/Controller/Front.php(889): Zend_Controller_Dispatcher_Standard->dispatch(Object(Zend_Controller_Request_Http), Object(Zend_Controller_Response_Http))
#1 /home_ext/hamaguchi/jia/public/index.php(28): Zend_Controller_Front->dispatch()
#2 {main}
  thrown in /home_ext/hamaguchi/jia/lib/zend/Zend/Controller/Dispatcher/Standard.php on line 189
[12-May-2016 14:45:51] PHP Fatal error:  Uncaught exception 'Zend_Controller_Dispatcher_Exception' with message 'Invalid controller specified (img)' in /home_ext/hamaguchi/jia/lib/zend/Zend/Controller/Dispatcher/Standard.php:189
Stack trace:
#0 /home_ext/hamaguchi/jia/lib/zend/Zend/Controller/Front.php(889): Zend_Controller_Dispatcher_Standard->dispatch(Object(Zend_Controller_Request_Http), Object(Zend_Controller_Response_Http))
#1 /home_ext/hamaguchi/jia/public/index.php(28): Zend_Controller_Front->dispatch()
#2 {main}
  thrown in /home_ext/hamaguchi/jia/lib/zend/Zend/Controller/Dispatcher/Standard.php on line 189
[12-May-2016 14:45:51] PHP Fatal error:  Uncaught exception 'Zend_Controller_Dispatcher_Exception' with message 'Invalid controller specified (member)' in /home_ext/hamaguchi/jia/lib/zend/Zend/Controller/Dispatcher/Standard.php:189
Stack trace:
#0 /home_ext/hamaguchi/jia/lib/zend/Zend/Controller/Front.php(889): Zend_Controller_Dispatcher_Standard->dispatch(Object(Zend_Controller_Request_Http), Object(Zend_Controller_Response_Http))
#1 /home_ext/hamaguchi/jia/public/index.php(28): Zend_Controller_Front->dispatch()
#2 {main}
  thrown in /home_ext/hamaguchi/jia/lib/zend/Zend/Controller/Dispatcher/Standard.php on line 189
[12-May-2016 14:45:51] PHP Fatal error:  Uncaught exception 'Zend_Controller_Dispatcher_Exception' with message 'Invalid controller specified (img)' in /home_ext/hamaguchi/jia/lib/zend/Zend/Controller/Dispatcher/Standard.php:189
Stack trace:
#0 /home_ext/hamaguchi/jia/lib/zend/Zend/Controller/Front.php(889): Zend_Controller_Dispatcher_Standard->dispatch(Object(Zend_Controller_Request_Http), Object(Zend_Controller_Response_Http))
#1 /home_ext/hamaguchi/jia/public/index.php(28): Zend_Controller_Front->dispatch()
#2 {main}
  thrown in /home_ext/hamaguchi/jia/lib/zend/Zend/Controller/Dispatcher/Standard.php on line 189
[12-May-2016 14:45:51] PHP Fatal error:  Uncaught exception 'Zend_Controller_Dispatcher_Exception' with message 'Invalid controller specified (img)' in /home_ext/hamaguchi/jia/lib/zend/Zend/Controller/Dispatcher/Standard.php:189
Stack trace:
#0 /home_ext/hamaguchi/jia/lib/zend/Zend/Controller/Front.php(889): Zend_Controller_Dispatcher_Standard->dispatch(Object(Zend_Controller_Request_Http), Object(Zend_Controller_Response_Http))
#1 /home_ext/hamaguchi/jia/public/index.php(28): Zend_Controller_Front->dispatch()
#2 {main}
  thrown in /home_ext/hamaguchi/jia/lib/zend/Zend/Controller/Dispatcher/Standard.php on line 189
[12-May-2016 14:45:51] PHP Fatal error:  Uncaught exception 'Zend_Controller_Dispatcher_Exception' with message 'Invalid controller specified (img)' in /home_ext/hamaguchi/jia/lib/zend/Zend/Controller/Dispatcher/Standard.php:189
Stack trace:
#0 /home_ext/hamaguchi/jia/lib/zend/Zend/Controller/Front.php(889): Zend_Controller_Dispatcher_Standard->dispatch(Object(Zend_Controller_Request_Http), Object(Zend_Controller_Response_Http))
#1 /home_ext/hamaguchi/jia/public/index.php(28): Zend_Controller_Front->dispatch()
#2 {main}
  thrown in /home_ext/hamaguchi/jia/lib/zend/Zend/Controller/Dispatcher/Standard.php on line 189
[12-May-2016 14:45:52] PHP Fatal error:  Uncaught exception 'Zend_Controller_Dispatcher_Exception' with message 'Invalid controller specified (img)' in /home_ext/hamaguchi/jia/lib/zend/Zend/Controller/Dispatcher/Standard.php:189
Stack trace:
#0 /home_ext/hamaguchi/jia/lib/zend/Zend/Controller/Front.php(889): Zend_Controller_Dispatcher_Standard->dispatch(Object(Zend_Controller_Request_Http), Object(Zend_Controller_Response_Http))
#1 /home_ext/hamaguchi/jia/public/index.php(28): Zend_Controller_Front->dispatch()
#2 {main}
  thrown in /home_ext/hamaguchi/jia/lib/zend/Zend/Controller/Dispatcher/Standard.php on line 189
[12-May-2016 14:45:52] PHP Fatal error:  Uncaught exception 'Zend_Controller_Dispatcher_Exception' with message 'Invalid controller specified (img)' in /home_ext/hamaguchi/jia/lib/zend/Zend/Controller/Dispatcher/Standard.php:189
Stack trace:
#0 /home_ext/hamaguchi/jia/lib/zend/Zend/Controller/Front.php(889): Zend_Controller_Dispatcher_Standard->dispatch(Object(Zend_Controller_Request_Http), Object(Zend_Controller_Response_Http))
#1 /home_ext/hamaguchi/jia/public/index.php(28): Zend_Controller_Front->dispatch()
#2 {main}
  thrown in /home_ext/hamaguchi/jia/lib/zend/Zend/Controller/Dispatcher/Standard.php on line 189
[12-May-2016 17:33:22] PHP Fatal error:  Uncaught exception 'Zend_Controller_Dispatcher_Exception' with message 'Invalid controller specified (img)' in /home_ext/hamaguchi/jia/lib/zend/Zend/Controller/Dispatcher/Standard.php:189
Stack trace:
#0 /home_ext/hamaguchi/jia/lib/zend/Zend/Controller/Front.php(889): Zend_Controller_Dispatcher_Standard->dispatch(Object(Zend_Controller_Request_Http), Object(Zend_Controller_Response_Http))
#1 /home_ext/hamaguchi/jia/public/index.php(28): Zend_Controller_Front->dispatch()
#2 {main}
  thrown in /home_ext/hamaguchi/jia/lib/zend/Zend/Controller/Dispatcher/Standard.php on line 189
[12-May-2016 17:33:22] PHP Fatal error:  Uncaught exception 'Zend_Controller_Dispatcher_Exception' with message 'Invalid controller specified (member)' in /home_ext/hamaguchi/jia/lib/zend/Zend/Controller/Dispatcher/Standard.php:189
Stack trace:
#0 /home_ext/hamaguchi/jia/lib/zend/Zend/Controller/Front.php(889): Zend_Controller_Dispatcher_Standard->dispatch(Object(Zend_Controller_Request_Http), Object(Zend_Controller_Response_Http))
#1 /home_ext/hamaguchi/jia/public/index.php(28): Zend_Controller_Front->dispatch()
#2 {main}
  thrown in /home_ext/hamaguchi/jia/lib/zend/Zend/Controller/Dispatcher/Standard.php on line 189
[12-May-2016 17:33:24] PHP Fatal error:  Uncaught exception 'Zend_Controller_Dispatcher_Exception' with message 'Invalid controller specified (img)' in /home_ext/hamaguchi/jia/lib/zend/Zend/Controller/Dispatcher/Standard.php:189
Stack trace:
#0 /home_ext/hamaguchi/jia/lib/zend/Zend/Controller/Front.php(889): Zend_Controller_Dispatcher_Standard->dispatch(Object(Zend_Controller_Request_Http), Object(Zend_Controller_Response_Http))
#1 /home_ext/hamaguchi/jia/public/index.php(28): Zend_Controller_Front->dispatch()
#2 {main}
  thrown in /home_ext/hamaguchi/jia/lib/zend/Zend/Controller/Dispatcher/Standard.php on line 189
[12-May-2016 17:33:24] PHP Fatal error:  Uncaught exception 'Zend_Controller_Dispatcher_Exception' with message 'Invalid controller specified (img)' in /home_ext/hamaguchi/jia/lib/zend/Zend/Controller/Dispatcher/Standard.php:189
Stack trace:
#0 /home_ext/hamaguchi/jia/lib/zend/Zend/Controller/Front.php(889): Zend_Controller_Dispatcher_Standard->dispatch(Object(Zend_Controller_Request_Http), Object(Zend_Controller_Response_Http))
#1 /home_ext/hamaguchi/jia/public/index.php(28): Zend_Controller_Front->dispatch()
#2 {main}
  thrown in /home_ext/hamaguchi/jia/lib/zend/Zend/Controller/Dispatcher/Standard.php on line 189
[12-May-2016 17:33:24] PHP Fatal error:  Uncaught exception 'Zend_Controller_Dispatcher_Exception' with message 'Invalid controller specified (img)' in /home_ext/hamaguchi/jia/lib/zend/Zend/Controller/Dispatcher/Standard.php:189
Stack trace:
#0 /home_ext/hamaguchi/jia/lib/zend/Zend/Controller/Front.php(889): Zend_Controller_Dispatcher_Standard->dispatch(Object(Zend_Controller_Request_Http), Object(Zend_Controller_Response_Http))
#1 /home_ext/hamaguchi/jia/public/index.php(28): Zend_Controller_Front->dispatch()
#2 {main}
  thrown in /home_ext/hamaguchi/jia/lib/zend/Zend/Controller/Dispatcher/Standard.php on line 189
[12-May-2016 17:33:25] PHP Fatal error:  Uncaught exception 'Zend_Controller_Dispatcher_Exception' with message 'Invalid controller specified (img)' in /home_ext/hamaguchi/jia/lib/zend/Zend/Controller/Dispatcher/Standard.php:189
Stack trace:
#0 /home_ext/hamaguchi/jia/lib/zend/Zend/Controller/Front.php(889): Zend_Controller_Dispatcher_Standard->dispatch(Object(Zend_Controller_Request_Http), Object(Zend_Controller_Response_Http))
#1 /home_ext/hamaguchi/jia/public/index.php(28): Zend_Controller_Front->dispatch()
#2 {main}
  thrown in /home_ext/hamaguchi/jia/lib/zend/Zend/Controller/Dispatcher/Standard.php on line 189
[12-May-2016 17:33:25] PHP Fatal error:  Uncaught exception 'Zend_Controller_Dispatcher_Exception' with message 'Invalid controller specified (img)' in /home_ext/hamaguchi/jia/lib/zend/Zend/Controller/Dispatcher/Standard.php:189
Stack trace:
#0 /home_ext/hamaguchi/jia/lib/zend/Zend/Controller/Front.php(889): Zend_Controller_Dispatcher_Standard->dispatch(Object(Zend_Controller_Request_Http), Object(Zend_Controller_Response_Http))
#1 /home_ext/hamaguchi/jia/public/index.php(28): Zend_Controller_Front->dispatch()
#2 {main}
  thrown in /home_ext/hamaguchi/jia/lib/zend/Zend/Controller/Dispatcher/Standard.php on line 189
[12-May-2016 17:33:30] PHP Fatal error:  Uncaught exception 'Zend_Controller_Dispatcher_Exception' with message 'Invalid controller specified (img)' in /home_ext/hamaguchi/jia/lib/zend/Zend/Controller/Dispatcher/Standard.php:189
Stack trace:
#0 /home_ext/hamaguchi/jia/lib/zend/Zend/Controller/Front.php(889): Zend_Controller_Dispatcher_Standard->dispatch(Object(Zend_Controller_Request_Http), Object(Zend_Controller_Response_Http))
#1 /home_ext/hamaguchi/jia/public/index.php(28): Zend_Controller_Front->dispatch()
#2 {main}
  thrown in /home_ext/hamaguchi/jia/lib/zend/Zend/Controller/Dispatcher/Standard.php on line 189
[12-May-2016 17:33:30] PHP Fatal error:  Uncaught exception 'Zend_Controller_Dispatcher_Exception' with message 'Invalid controller specified (member)' in /home_ext/hamaguchi/jia/lib/zend/Zend/Controller/Dispatcher/Standard.php:189
Stack trace:
#0 /home_ext/hamaguchi/jia/lib/zend/Zend/Controller/Front.php(889): Zend_Controller_Dispatcher_Standard->dispatch(Object(Zend_Controller_Request_Http), Object(Zend_Controller_Response_Http))
#1 /home_ext/hamaguchi/jia/public/index.php(28): Zend_Controller_Front->dispatch()
#2 {main}
  thrown in /home_ext/hamaguchi/jia/lib/zend/Zend/Controller/Dispatcher/Standard.php on line 189
[12-May-2016 17:33:30] PHP Fatal error:  Uncaught exception 'Zend_Controller_Dispatcher_Exception' with message 'Invalid controller specified (img)' in /home_ext/hamaguchi/jia/lib/zend/Zend/Controller/Dispatcher/Standard.php:189
Stack trace:
#0 /home_ext/hamaguchi/jia/lib/zend/Zend/Controller/Front.php(889): Zend_Controller_Dispatcher_Standard->dispatch(Object(Zend_Controller_Request_Http), Object(Zend_Controller_Response_Http))
#1 /home_ext/hamaguchi/jia/public/index.php(28): Zend_Controller_Front->dispatch()
#2 {main}
  thrown in /home_ext/hamaguchi/jia/lib/zend/Zend/Controller/Dispatcher/Standard.php on line 189
[12-May-2016 17:33:30] PHP Fatal error:  Uncaught exception 'Zend_Controller_Dispatcher_Exception' with message 'Invalid controller specified (img)' in /home_ext/hamaguchi/jia/lib/zend/Zend/Controller/Dispatcher/Standard.php:189
Stack trace:
#0 /home_ext/hamaguchi/jia/lib/zend/Zend/Controller/Front.php(889): Zend_Controller_Dispatcher_Standard->dispatch(Object(Zend_Controller_Request_Http), Object(Zend_Controller_Response_Http))
#1 /home_ext/hamaguchi/jia/public/index.php(28): Zend_Controller_Front->dispatch()
#2 {main}
  thrown in /home_ext/hamaguchi/jia/lib/zend/Zend/Controller/Dispatcher/Standard.php on line 189
[12-May-2016 17:33:30] PHP Fatal error:  Uncaught exception 'Zend_Controller_Dispatcher_Exception' with message 'Invalid controller specified (img)' in /home_ext/hamaguchi/jia/lib/zend/Zend/Controller/Dispatcher/Standard.php:189
Stack trace:
#0 /home_ext/hamaguchi/jia/lib/zend/Zend/Controller/Front.php(889): Zend_Controller_Dispatcher_Standard->dispatch(Object(Zend_Controller_Request_Http), Object(Zend_Controller_Response_Http))
#1 /home_ext/hamaguchi/jia/public/index.php(28): Zend_Controller_Front->dispatch()
#2 {main}
  thrown in /home_ext/hamaguchi/jia/lib/zend/Zend/Controller/Dispatcher/Standard.php on line 189
[12-May-2016 17:33:30] PHP Fatal error:  Uncaught exception 'Zend_Controller_Dispatcher_Exception' with message 'Invalid controller specified (img)' in /home_ext/hamaguchi/jia/lib/zend/Zend/Controller/Dispatcher/Standard.php:189
Stack trace:
#0 /home_ext/hamaguchi/jia/lib/zend/Zend/Controller/Front.php(889): Zend_Controller_Dispatcher_Standard->dispatch(Object(Zend_Controller_Request_Http), Object(Zend_Controller_Response_Http))
#1 /home_ext/hamaguchi/jia/public/index.php(28): Zend_Controller_Front->dispatch()
#2 {main}
  thrown in /home_ext/hamaguchi/jia/lib/zend/Zend/Controller/Dispatcher/Standard.php on line 189
[12-May-2016 17:33:30] PHP Fatal error:  Uncaught exception 'Zend_Controller_Dispatcher_Exception' with message 'Invalid controller specified (img)' in /home_ext/hamaguchi/jia/lib/zend/Zend/Controller/Dispatcher/Standard.php:189
Stack trace:
#0 /home_ext/hamaguchi/jia/lib/zend/Zend/Controller/Front.php(889): Zend_Controller_Dispatcher_Standard->dispatch(Object(Zend_Controller_Request_Http), Object(Zend_Controller_Response_Http))
#1 /home_ext/hamaguchi/jia/public/index.php(28): Zend_Controller_Front->dispatch()
#2 {main}
  thrown in /home_ext/hamaguchi/jia/lib/zend/Zend/Controller/Dispatcher/Standard.php on line 189
[12-May-2016 19:10:52] PHP Fatal error:  Uncaught exception 'Zend_Controller_Dispatcher_Exception' with message 'Invalid controller specified (img)' in /home_ext/hamaguchi/jia/lib/zend/Zend/Controller/Dispatcher/Standard.php:189
Stack trace:
#0 /home_ext/hamaguchi/jia/lib/zend/Zend/Controller/Front.php(889): Zend_Controller_Dispatcher_Standard->dispatch(Object(Zend_Controller_Request_Http), Object(Zend_Controller_Response_Http))
#1 /home_ext/hamaguchi/jia/public/index.php(28): Zend_Controller_Front->dispatch()
#2 {main}
  thrown in /home_ext/hamaguchi/jia/lib/zend/Zend/Controller/Dispatcher/Standard.php on line 189
[12-May-2016 19:10:52] PHP Fatal error:  Uncaught exception 'Zend_Controller_Dispatcher_Exception' with message 'Invalid controller specified (member)' in /home_ext/hamaguchi/jia/lib/zend/Zend/Controller/Dispatcher/Standard.php:189
Stack trace:
#0 /home_ext/hamaguchi/jia/lib/zend/Zend/Controller/Front.php(889): Zend_Controller_Dispatcher_Standard->dispatch(Object(Zend_Controller_Request_Http), Object(Zend_Controller_Response_Http))
#1 /home_ext/hamaguchi/jia/public/index.php(28): Zend_Controller_Front->dispatch()
#2 {main}
  thrown in /home_ext/hamaguchi/jia/lib/zend/Zend/Controller/Dispatcher/Standard.php on line 189
[12-May-2016 19:10:52] PHP Fatal error:  Uncaught exception 'Zend_Controller_Dispatcher_Exception' with message 'Invalid controller specified (img)' in /home_ext/hamaguchi/jia/lib/zend/Zend/Controller/Dispatcher/Standard.php:189
Stack trace:
#0 /home_ext/hamaguchi/jia/lib/zend/Zend/Controller/Front.php(889): Zend_Controller_Dispatcher_Standard->dispatch(Object(Zend_Controller_Request_Http), Object(Zend_Controller_Response_Http))
#1 /home_ext/hamaguchi/jia/public/index.php(28): Zend_Controller_Front->dispatch()
#2 {main}
  thrown in /home_ext/hamaguchi/jia/lib/zend/Zend/Controller/Dispatcher/Standard.php on line 189
[12-May-2016 19:10:52] PHP Fatal error:  Uncaught exception 'Zend_Controller_Dispatcher_Exception' with message 'Invalid controller specified (img)' in /home_ext/hamaguchi/jia/lib/zend/Zend/Controller/Dispatcher/Standard.php:189
Stack trace:
#0 /home_ext/hamaguchi/jia/lib/zend/Zend/Controller/Front.php(889): Zend_Controller_Dispatcher_Standard->dispatch(Object(Zend_Controller_Request_Http), Object(Zend_Controller_Response_Http))
#1 /home_ext/hamaguchi/jia/public/index.php(28): Zend_Controller_Front->dispatch()
#2 {main}
  thrown in /home_ext/hamaguchi/jia/lib/zend/Zend/Controller/Dispatcher/Standard.php on line 189
[12-May-2016 19:10:53] PHP Fatal error:  Uncaught exception 'Zend_Controller_Dispatcher_Exception' with message 'Invalid controller specified (img)' in /home_ext/hamaguchi/jia/lib/zend/Zend/Controller/Dispatcher/Standard.php:189
Stack trace:
#0 /home_ext/hamaguchi/jia/lib/zend/Zend/Controller/Front.php(889): Zend_Controller_Dispatcher_Standard->dispatch(Object(Zend_Controller_Request_Http), Object(Zend_Controller_Response_Http))
#1 /home_ext/hamaguchi/jia/public/index.php(28): Zend_Controller_Front->dispatch()
#2 {main}
  thrown in /home_ext/hamaguchi/jia/lib/zend/Zend/Controller/Dispatcher/Standard.php on line 189
[12-May-2016 19:10:53] PHP Fatal error:  Uncaught exception 'Zend_Controller_Dispatcher_Exception' with message 'Invalid controller specified (img)' in /home_ext/hamaguchi/jia/lib/zend/Zend/Controller/Dispatcher/Standard.php:189
Stack trace:
#0 /home_ext/hamaguchi/jia/lib/zend/Zend/Controller/Front.php(889): Zend_Controller_Dispatcher_Standard->dispatch(Object(Zend_Controller_Request_Http), Object(Zend_Controller_Response_Http))
#1 /home_ext/hamaguchi/jia/public/index.php(28): Zend_Controller_Front->dispatch()
#2 {main}
  thrown in /home_ext/hamaguchi/jia/lib/zend/Zend/Controller/Dispatcher/Standard.php on line 189
[12-May-2016 19:10:54] PHP Fatal error:  Uncaught exception 'Zend_Controller_Dispatcher_Exception' with message 'Invalid controller specified (img)' in /home_ext/hamaguchi/jia/lib/zend/Zend/Controller/Dispatcher/Standard.php:189
Stack trace:
#0 /home_ext/hamaguchi/jia/lib/zend/Zend/Controller/Front.php(889): Zend_Controller_Dispatcher_Standard->dispatch(Object(Zend_Controller_Request_Http), Object(Zend_Controller_Response_Http))
#1 /home_ext/hamaguchi/jia/public/index.php(28): Zend_Controller_Front->dispatch()
#2 {main}
  thrown in /home_ext/hamaguchi/jia/lib/zend/Zend/Controller/Dispatcher/Standard.php on line 189
