2016-05-12T14:43:35+09:00 CRIT (2): 500 Internal Server Error: http://hamaguchi.jia.plumsa/jia_member/login_check
 exception 'Zend_Db_Adapter_Exception' with message 'SQLSTATE[28000] [1045] Access denied for user 'jia_web'@'localhost' (using password: YES)' in /home_ext/hamaguchi/jia/lib/zend/Zend/Db/Adapter/Pdo/Abstract.php:128
 Stack trace:
 #0 /home_ext/hamaguchi/jia/lib/wired/Wired/Zend/Db/Adapter/Pdo/Mysql.php(66): Zend_Db_Adapter_Pdo_Abstract->_connect()
 #1 /home_ext/hamaguchi/jia/lib/zend/Zend/Db/Adapter/Abstract.php(246): Wired_Zend_Db_Adapter_Pdo_Mysql->_connect()
 #2 /home_ext/hamaguchi/jia/lib/zend/Zend/Db/Adapter/Pdo/Abstract.php(203): Zend_Db_Adapter_Abstract->query('DESCRIBE `users...', Array)
 #3 /home_ext/hamaguchi/jia/lib/zend/Zend/Db/Adapter/Pdo/Mysql.php(108): Zend_Db_Adapter_Pdo_Abstract->query('DESCRIBE `users...')
 #4 /home_ext/hamaguchi/jia/lib/zend/Zend/Db/Table/Abstract.php(595): Zend_Db_Adapter_Pdo_Mysql->describeTable('users', NULL)
 #5 /home_ext/hamaguchi/jia/lib/zend/Zend/Db/Table/Abstract.php(528): Zend_Db_Table_Abstract->_setupMetadata()
 #6 /home_ext/hamaguchi/jia/lib/wired_custom/Wired/Zend/Db/Table/Abstract.php(60): Zend_Db_Table_Abstract->_setup()
 #7 /home_ext/hamaguchi/jia/lib/zend/Zend/Db/Table/Abstract.php(264): Wired_Zend_Db_Table_Abstract->_setup()
 #8 /home_ext/hamaguchi/jia/lib/wired/Wired/Admin/models/account.php(50): Zend_Db_Table_Abstract->__construct(Array)
 #9 /home_ext/hamaguchi/jia/lib/wired_custom/wired.php(544) : eval()'d code(1): Wired_Admin_models_account->__construct()
 #10 /home_ext/hamaguchi/jia/lib/wired_custom/wired.php(544): eval()
 #11 /home_ext/hamaguchi/jia/lib/wired_custom/wired.php(497): wired_ins::_new('users', Array)
 #12 /home_ext/hamaguchi/jia/app/controllers/AbstractController.php(109): wired_ins->get('users')
 #13 /home_ext/hamaguchi/jia/app/controllers/JiaMemberController.php(12): AbstractController->table('users')
 #14 /home_ext/hamaguchi/jia/lib/zend/Zend/Controller/Action.php(129): JiaMemberController->init()
 #15 /home_ext/hamaguchi/jia/lib/wired/Wired/Zend/Controller/Action.php(111): Zend_Controller_Action->__construct(Object(Zend_Controller_Request_Http), Object(Zend_Controller_Response_Http), Array)
 #16 /home_ext/hamaguchi/jia/lib/wired/Wired/Admin/Controller/Action.php(50): Wired_Zend_Controller_Action->__construct(Object(Zend_Controller_Request_Http), Object(Zend_Controller_Response_Http), Array)
 #17 /home_ext/hamaguchi/jia/lib/zend/Zend/Controller/Dispatcher/Standard.php(209): Wired_Admin_Controller_Action->__construct(Object(Zend_Controller_Request_Http), Object(Zend_Controller_Response_Http), Array)
 #18 /home_ext/hamaguchi/jia/lib/zend/Zend/Controller/Front.php(889): Zend_Controller_Dispatcher_Standard->dispatch(Object(Zend_Controller_Request_Http), Object(Zend_Controller_Response_Http))
 #19 /home_ext/hamaguchi/jia/public/index.php(28): Zend_Controller_Front->dispatch()
 #20 {main}
2016-05-12T14:43:36+09:00 CRIT (2): 500 Internal Server Error: http://hamaguchi.jia.plumsa/jia_member/login_check
 exception 'Zend_Db_Adapter_Exception' with message 'SQLSTATE[28000] [1045] Access denied for user 'jia_web'@'localhost' (using password: YES)' in /home_ext/hamaguchi/jia/lib/zend/Zend/Db/Adapter/Pdo/Abstract.php:128
 Stack trace:
 #0 /home_ext/hamaguchi/jia/lib/wired/Wired/Zend/Db/Adapter/Pdo/Mysql.php(66): Zend_Db_Adapter_Pdo_Abstract->_connect()
 #1 /home_ext/hamaguchi/jia/lib/zend/Zend/Db/Adapter/Abstract.php(246): Wired_Zend_Db_Adapter_Pdo_Mysql->_connect()
 #2 /home_ext/hamaguchi/jia/lib/zend/Zend/Db/Adapter/Pdo/Abstract.php(203): Zend_Db_Adapter_Abstract->query('DESCRIBE `users...', Array)
 #3 /home_ext/hamaguchi/jia/lib/zend/Zend/Db/Adapter/Pdo/Mysql.php(108): Zend_Db_Adapter_Pdo_Abstract->query('DESCRIBE `users...')
 #4 /home_ext/hamaguchi/jia/lib/zend/Zend/Db/Table/Abstract.php(595): Zend_Db_Adapter_Pdo_Mysql->describeTable('users', NULL)
 #5 /home_ext/hamaguchi/jia/lib/zend/Zend/Db/Table/Abstract.php(528): Zend_Db_Table_Abstract->_setupMetadata()
 #6 /home_ext/hamaguchi/jia/lib/wired_custom/Wired/Zend/Db/Table/Abstract.php(60): Zend_Db_Table_Abstract->_setup()
 #7 /home_ext/hamaguchi/jia/lib/zend/Zend/Db/Table/Abstract.php(264): Wired_Zend_Db_Table_Abstract->_setup()
 #8 /home_ext/hamaguchi/jia/lib/wired/Wired/Admin/models/account.php(50): Zend_Db_Table_Abstract->__construct(Array)
 #9 /home_ext/hamaguchi/jia/lib/wired_custom/wired.php(544) : eval()'d code(1): Wired_Admin_models_account->__construct()
 #10 /home_ext/hamaguchi/jia/lib/wired_custom/wired.php(544): eval()
 #11 /home_ext/hamaguchi/jia/lib/wired_custom/wired.php(497): wired_ins::_new('users', Array)
 #12 /home_ext/hamaguchi/jia/app/controllers/AbstractController.php(109): wired_ins->get('users')
 #13 /home_ext/hamaguchi/jia/app/controllers/JiaMemberController.php(12): AbstractController->table('users')
 #14 /home_ext/hamaguchi/jia/lib/zend/Zend/Controller/Action.php(129): JiaMemberController->init()
 #15 /home_ext/hamaguchi/jia/lib/wired/Wired/Zend/Controller/Action.php(111): Zend_Controller_Action->__construct(Object(Zend_Controller_Request_Http), Object(Zend_Controller_Response_Http), Array)
 #16 /home_ext/hamaguchi/jia/lib/wired/Wired/Admin/Controller/Action.php(50): Wired_Zend_Controller_Action->__construct(Object(Zend_Controller_Request_Http), Object(Zend_Controller_Response_Http), Array)
 #17 /home_ext/hamaguchi/jia/lib/zend/Zend/Controller/Dispatcher/Standard.php(209): Wired_Admin_Controller_Action->__construct(Object(Zend_Controller_Request_Http), Object(Zend_Controller_Response_Http), Array)
 #18 /home_ext/hamaguchi/jia/lib/zend/Zend/Controller/Front.php(889): Zend_Controller_Dispatcher_Standard->dispatch(Object(Zend_Controller_Request_Http), Object(Zend_Controller_Response_Http))
 #19 /home_ext/hamaguchi/jia/public/index.php(28): Zend_Controller_Front->dispatch()
 #20 {main}
2016-05-12T14:43:37+09:00 CRIT (2): 500 Internal Server Error: http://hamaguchi.jia.plumsa/jia_member/login_check
 exception 'Zend_Db_Adapter_Exception' with message 'SQLSTATE[28000] [1045] Access denied for user 'jia_web'@'localhost' (using password: YES)' in /home_ext/hamaguchi/jia/lib/zend/Zend/Db/Adapter/Pdo/Abstract.php:128
 Stack trace:
 #0 /home_ext/hamaguchi/jia/lib/wired/Wired/Zend/Db/Adapter/Pdo/Mysql.php(66): Zend_Db_Adapter_Pdo_Abstract->_connect()
 #1 /home_ext/hamaguchi/jia/lib/zend/Zend/Db/Adapter/Abstract.php(246): Wired_Zend_Db_Adapter_Pdo_Mysql->_connect()
 #2 /home_ext/hamaguchi/jia/lib/zend/Zend/Db/Adapter/Pdo/Abstract.php(203): Zend_Db_Adapter_Abstract->query('DESCRIBE `users...', Array)
 #3 /home_ext/hamaguchi/jia/lib/zend/Zend/Db/Adapter/Pdo/Mysql.php(108): Zend_Db_Adapter_Pdo_Abstract->query('DESCRIBE `users...')
 #4 /home_ext/hamaguchi/jia/lib/zend/Zend/Db/Table/Abstract.php(595): Zend_Db_Adapter_Pdo_Mysql->describeTable('users', NULL)
 #5 /home_ext/hamaguchi/jia/lib/zend/Zend/Db/Table/Abstract.php(528): Zend_Db_Table_Abstract->_setupMetadata()
 #6 /home_ext/hamaguchi/jia/lib/wired_custom/Wired/Zend/Db/Table/Abstract.php(60): Zend_Db_Table_Abstract->_setup()
 #7 /home_ext/hamaguchi/jia/lib/zend/Zend/Db/Table/Abstract.php(264): Wired_Zend_Db_Table_Abstract->_setup()
 #8 /home_ext/hamaguchi/jia/lib/wired/Wired/Admin/models/account.php(50): Zend_Db_Table_Abstract->__construct(Array)
 #9 /home_ext/hamaguchi/jia/lib/wired_custom/wired.php(544) : eval()'d code(1): Wired_Admin_models_account->__construct()
 #10 /home_ext/hamaguchi/jia/lib/wired_custom/wired.php(544): eval()
 #11 /home_ext/hamaguchi/jia/lib/wired_custom/wired.php(497): wired_ins::_new('users', Array)
 #12 /home_ext/hamaguchi/jia/app/controllers/AbstractController.php(109): wired_ins->get('users')
 #13 /home_ext/hamaguchi/jia/app/controllers/JiaMemberController.php(12): AbstractController->table('users')
 #14 /home_ext/hamaguchi/jia/lib/zend/Zend/Controller/Action.php(129): JiaMemberController->init()
 #15 /home_ext/hamaguchi/jia/lib/wired/Wired/Zend/Controller/Action.php(111): Zend_Controller_Action->__construct(Object(Zend_Controller_Request_Http), Object(Zend_Controller_Response_Http), Array)
 #16 /home_ext/hamaguchi/jia/lib/wired/Wired/Admin/Controller/Action.php(50): Wired_Zend_Controller_Action->__construct(Object(Zend_Controller_Request_Http), Object(Zend_Controller_Response_Http), Array)
 #17 /home_ext/hamaguchi/jia/lib/zend/Zend/Controller/Dispatcher/Standard.php(209): Wired_Admin_Controller_Action->__construct(Object(Zend_Controller_Request_Http), Object(Zend_Controller_Response_Http), Array)
 #18 /home_ext/hamaguchi/jia/lib/zend/Zend/Controller/Front.php(889): Zend_Controller_Dispatcher_Standard->dispatch(Object(Zend_Controller_Request_Http), Object(Zend_Controller_Response_Http))
 #19 /home_ext/hamaguchi/jia/public/index.php(28): Zend_Controller_Front->dispatch()
 #20 {main}
2016-05-12T14:43:37+09:00 CRIT (2): 500 Internal Server Error: http://hamaguchi.jia.plumsa/jia_member/login_check
 exception 'Zend_Db_Adapter_Exception' with message 'SQLSTATE[28000] [1045] Access denied for user 'jia_web'@'localhost' (using password: YES)' in /home_ext/hamaguchi/jia/lib/zend/Zend/Db/Adapter/Pdo/Abstract.php:128
 Stack trace:
 #0 /home_ext/hamaguchi/jia/lib/wired/Wired/Zend/Db/Adapter/Pdo/Mysql.php(66): Zend_Db_Adapter_Pdo_Abstract->_connect()
 #1 /home_ext/hamaguchi/jia/lib/zend/Zend/Db/Adapter/Abstract.php(246): Wired_Zend_Db_Adapter_Pdo_Mysql->_connect()
 #2 /home_ext/hamaguchi/jia/lib/zend/Zend/Db/Adapter/Pdo/Abstract.php(203): Zend_Db_Adapter_Abstract->query('DESCRIBE `users...', Array)
 #3 /home_ext/hamaguchi/jia/lib/zend/Zend/Db/Adapter/Pdo/Mysql.php(108): Zend_Db_Adapter_Pdo_Abstract->query('DESCRIBE `users...')
 #4 /home_ext/hamaguchi/jia/lib/zend/Zend/Db/Table/Abstract.php(595): Zend_Db_Adapter_Pdo_Mysql->describeTable('users', NULL)
 #5 /home_ext/hamaguchi/jia/lib/zend/Zend/Db/Table/Abstract.php(528): Zend_Db_Table_Abstract->_setupMetadata()
 #6 /home_ext/hamaguchi/jia/lib/wired_custom/Wired/Zend/Db/Table/Abstract.php(60): Zend_Db_Table_Abstract->_setup()
 #7 /home_ext/hamaguchi/jia/lib/zend/Zend/Db/Table/Abstract.php(264): Wired_Zend_Db_Table_Abstract->_setup()
 #8 /home_ext/hamaguchi/jia/lib/wired/Wired/Admin/models/account.php(50): Zend_Db_Table_Abstract->__construct(Array)
 #9 /home_ext/hamaguchi/jia/lib/wired_custom/wired.php(544) : eval()'d code(1): Wired_Admin_models_account->__construct()
 #10 /home_ext/hamaguchi/jia/lib/wired_custom/wired.php(544): eval()
 #11 /home_ext/hamaguchi/jia/lib/wired_custom/wired.php(497): wired_ins::_new('users', Array)
 #12 /home_ext/hamaguchi/jia/app/controllers/AbstractController.php(109): wired_ins->get('users')
 #13 /home_ext/hamaguchi/jia/app/controllers/JiaMemberController.php(12): AbstractController->table('users')
 #14 /home_ext/hamaguchi/jia/lib/zend/Zend/Controller/Action.php(129): JiaMemberController->init()
 #15 /home_ext/hamaguchi/jia/lib/wired/Wired/Zend/Controller/Action.php(111): Zend_Controller_Action->__construct(Object(Zend_Controller_Request_Http), Object(Zend_Controller_Response_Http), Array)
 #16 /home_ext/hamaguchi/jia/lib/wired/Wired/Admin/Controller/Action.php(50): Wired_Zend_Controller_Action->__construct(Object(Zend_Controller_Request_Http), Object(Zend_Controller_Response_Http), Array)
 #17 /home_ext/hamaguchi/jia/lib/zend/Zend/Controller/Dispatcher/Standard.php(209): Wired_Admin_Controller_Action->__construct(Object(Zend_Controller_Request_Http), Object(Zend_Controller_Response_Http), Array)
 #18 /home_ext/hamaguchi/jia/lib/zend/Zend/Controller/Front.php(889): Zend_Controller_Dispatcher_Standard->dispatch(Object(Zend_Controller_Request_Http), Object(Zend_Controller_Response_Http))
 #19 /home_ext/hamaguchi/jia/public/index.php(28): Zend_Controller_Front->dispatch()
 #20 {main}
2016-05-12T14:43:38+09:00 CRIT (2): 500 Internal Server Error: http://hamaguchi.jia.plumsa/jia_member/login_check
 exception 'Zend_Db_Adapter_Exception' with message 'SQLSTATE[28000] [1045] Access denied for user 'jia_web'@'localhost' (using password: YES)' in /home_ext/hamaguchi/jia/lib/zend/Zend/Db/Adapter/Pdo/Abstract.php:128
 Stack trace:
 #0 /home_ext/hamaguchi/jia/lib/wired/Wired/Zend/Db/Adapter/Pdo/Mysql.php(66): Zend_Db_Adapter_Pdo_Abstract->_connect()
 #1 /home_ext/hamaguchi/jia/lib/zend/Zend/Db/Adapter/Abstract.php(246): Wired_Zend_Db_Adapter_Pdo_Mysql->_connect()
 #2 /home_ext/hamaguchi/jia/lib/zend/Zend/Db/Adapter/Pdo/Abstract.php(203): Zend_Db_Adapter_Abstract->query('DESCRIBE `users...', Array)
 #3 /home_ext/hamaguchi/jia/lib/zend/Zend/Db/Adapter/Pdo/Mysql.php(108): Zend_Db_Adapter_Pdo_Abstract->query('DESCRIBE `users...')
 #4 /home_ext/hamaguchi/jia/lib/zend/Zend/Db/Table/Abstract.php(595): Zend_Db_Adapter_Pdo_Mysql->describeTable('users', NULL)
 #5 /home_ext/hamaguchi/jia/lib/zend/Zend/Db/Table/Abstract.php(528): Zend_Db_Table_Abstract->_setupMetadata()
 #6 /home_ext/hamaguchi/jia/lib/wired_custom/Wired/Zend/Db/Table/Abstract.php(60): Zend_Db_Table_Abstract->_setup()
 #7 /home_ext/hamaguchi/jia/lib/zend/Zend/Db/Table/Abstract.php(264): Wired_Zend_Db_Table_Abstract->_setup()
 #8 /home_ext/hamaguchi/jia/lib/wired/Wired/Admin/models/account.php(50): Zend_Db_Table_Abstract->__construct(Array)
 #9 /home_ext/hamaguchi/jia/lib/wired_custom/wired.php(544) : eval()'d code(1): Wired_Admin_models_account->__construct()
 #10 /home_ext/hamaguchi/jia/lib/wired_custom/wired.php(544): eval()
 #11 /home_ext/hamaguchi/jia/lib/wired_custom/wired.php(497): wired_ins::_new('users', Array)
 #12 /home_ext/hamaguchi/jia/app/controllers/AbstractController.php(109): wired_ins->get('users')
 #13 /home_ext/hamaguchi/jia/app/controllers/JiaMemberController.php(12): AbstractController->table('users')
 #14 /home_ext/hamaguchi/jia/lib/zend/Zend/Controller/Action.php(129): JiaMemberController->init()
 #15 /home_ext/hamaguchi/jia/lib/wired/Wired/Zend/Controller/Action.php(111): Zend_Controller_Action->__construct(Object(Zend_Controller_Request_Http), Object(Zend_Controller_Response_Http), Array)
 #16 /home_ext/hamaguchi/jia/lib/wired/Wired/Admin/Controller/Action.php(50): Wired_Zend_Controller_Action->__construct(Object(Zend_Controller_Request_Http), Object(Zend_Controller_Response_Http), Array)
 #17 /home_ext/hamaguchi/jia/lib/zend/Zend/Controller/Dispatcher/Standard.php(209): Wired_Admin_Controller_Action->__construct(Object(Zend_Controller_Request_Http), Object(Zend_Controller_Response_Http), Array)
 #18 /home_ext/hamaguchi/jia/lib/zend/Zend/Controller/Front.php(889): Zend_Controller_Dispatcher_Standard->dispatch(Object(Zend_Controller_Request_Http), Object(Zend_Controller_Response_Http))
 #19 /home_ext/hamaguchi/jia/public/index.php(28): Zend_Controller_Front->dispatch()
 #20 {main}
2016-05-12T14:43:39+09:00 CRIT (2): 500 Internal Server Error: http://hamaguchi.jia.plumsa/jia_member/login_check
 exception 'Zend_Db_Adapter_Exception' with message 'SQLSTATE[28000] [1045] Access denied for user 'jia_web'@'localhost' (using password: YES)' in /home_ext/hamaguchi/jia/lib/zend/Zend/Db/Adapter/Pdo/Abstract.php:128
 Stack trace:
 #0 /home_ext/hamaguchi/jia/lib/wired/Wired/Zend/Db/Adapter/Pdo/Mysql.php(66): Zend_Db_Adapter_Pdo_Abstract->_connect()
 #1 /home_ext/hamaguchi/jia/lib/zend/Zend/Db/Adapter/Abstract.php(246): Wired_Zend_Db_Adapter_Pdo_Mysql->_connect()
 #2 /home_ext/hamaguchi/jia/lib/zend/Zend/Db/Adapter/Pdo/Abstract.php(203): Zend_Db_Adapter_Abstract->query('DESCRIBE `users...', Array)
 #3 /home_ext/hamaguchi/jia/lib/zend/Zend/Db/Adapter/Pdo/Mysql.php(108): Zend_Db_Adapter_Pdo_Abstract->query('DESCRIBE `users...')
 #4 /home_ext/hamaguchi/jia/lib/zend/Zend/Db/Table/Abstract.php(595): Zend_Db_Adapter_Pdo_Mysql->describeTable('users', NULL)
 #5 /home_ext/hamaguchi/jia/lib/zend/Zend/Db/Table/Abstract.php(528): Zend_Db_Table_Abstract->_setupMetadata()
 #6 /home_ext/hamaguchi/jia/lib/wired_custom/Wired/Zend/Db/Table/Abstract.php(60): Zend_Db_Table_Abstract->_setup()
 #7 /home_ext/hamaguchi/jia/lib/zend/Zend/Db/Table/Abstract.php(264): Wired_Zend_Db_Table_Abstract->_setup()
 #8 /home_ext/hamaguchi/jia/lib/wired/Wired/Admin/models/account.php(50): Zend_Db_Table_Abstract->__construct(Array)
 #9 /home_ext/hamaguchi/jia/lib/wired_custom/wired.php(544) : eval()'d code(1): Wired_Admin_models_account->__construct()
 #10 /home_ext/hamaguchi/jia/lib/wired_custom/wired.php(544): eval()
 #11 /home_ext/hamaguchi/jia/lib/wired_custom/wired.php(497): wired_ins::_new('users', Array)
 #12 /home_ext/hamaguchi/jia/app/controllers/AbstractController.php(109): wired_ins->get('users')
 #13 /home_ext/hamaguchi/jia/app/controllers/JiaMemberController.php(12): AbstractController->table('users')
 #14 /home_ext/hamaguchi/jia/lib/zend/Zend/Controller/Action.php(129): JiaMemberController->init()
 #15 /home_ext/hamaguchi/jia/lib/wired/Wired/Zend/Controller/Action.php(111): Zend_Controller_Action->__construct(Object(Zend_Controller_Request_Http), Object(Zend_Controller_Response_Http), Array)
 #16 /home_ext/hamaguchi/jia/lib/wired/Wired/Admin/Controller/Action.php(50): Wired_Zend_Controller_Action->__construct(Object(Zend_Controller_Request_Http), Object(Zend_Controller_Response_Http), Array)
 #17 /home_ext/hamaguchi/jia/lib/zend/Zend/Controller/Dispatcher/Standard.php(209): Wired_Admin_Controller_Action->__construct(Object(Zend_Controller_Request_Http), Object(Zend_Controller_Response_Http), Array)
 #18 /home_ext/hamaguchi/jia/lib/zend/Zend/Controller/Front.php(889): Zend_Controller_Dispatcher_Standard->dispatch(Object(Zend_Controller_Request_Http), Object(Zend_Controller_Response_Http))
 #19 /home_ext/hamaguchi/jia/public/index.php(28): Zend_Controller_Front->dispatch()
 #20 {main}
2016-05-12T14:43:39+09:00 CRIT (2): 500 Internal Server Error: http://hamaguchi.jia.plumsa/jia_member/login_check
 exception 'Zend_Db_Adapter_Exception' with message 'SQLSTATE[28000] [1045] Access denied for user 'jia_web'@'localhost' (using password: YES)' in /home_ext/hamaguchi/jia/lib/zend/Zend/Db/Adapter/Pdo/Abstract.php:128
 Stack trace:
 #0 /home_ext/hamaguchi/jia/lib/wired/Wired/Zend/Db/Adapter/Pdo/Mysql.php(66): Zend_Db_Adapter_Pdo_Abstract->_connect()
 #1 /home_ext/hamaguchi/jia/lib/zend/Zend/Db/Adapter/Abstract.php(246): Wired_Zend_Db_Adapter_Pdo_Mysql->_connect()
 #2 /home_ext/hamaguchi/jia/lib/zend/Zend/Db/Adapter/Pdo/Abstract.php(203): Zend_Db_Adapter_Abstract->query('DESCRIBE `users...', Array)
 #3 /home_ext/hamaguchi/jia/lib/zend/Zend/Db/Adapter/Pdo/Mysql.php(108): Zend_Db_Adapter_Pdo_Abstract->query('DESCRIBE `users...')
 #4 /home_ext/hamaguchi/jia/lib/zend/Zend/Db/Table/Abstract.php(595): Zend_Db_Adapter_Pdo_Mysql->describeTable('users', NULL)
 #5 /home_ext/hamaguchi/jia/lib/zend/Zend/Db/Table/Abstract.php(528): Zend_Db_Table_Abstract->_setupMetadata()
 #6 /home_ext/hamaguchi/jia/lib/wired_custom/Wired/Zend/Db/Table/Abstract.php(60): Zend_Db_Table_Abstract->_setup()
 #7 /home_ext/hamaguchi/jia/lib/zend/Zend/Db/Table/Abstract.php(264): Wired_Zend_Db_Table_Abstract->_setup()
 #8 /home_ext/hamaguchi/jia/lib/wired/Wired/Admin/models/account.php(50): Zend_Db_Table_Abstract->__construct(Array)
 #9 /home_ext/hamaguchi/jia/lib/wired_custom/wired.php(544) : eval()'d code(1): Wired_Admin_models_account->__construct()
 #10 /home_ext/hamaguchi/jia/lib/wired_custom/wired.php(544): eval()
 #11 /home_ext/hamaguchi/jia/lib/wired_custom/wired.php(497): wired_ins::_new('users', Array)
 #12 /home_ext/hamaguchi/jia/app/controllers/AbstractController.php(109): wired_ins->get('users')
 #13 /home_ext/hamaguchi/jia/app/controllers/JiaMemberController.php(12): AbstractController->table('users')
 #14 /home_ext/hamaguchi/jia/lib/zend/Zend/Controller/Action.php(129): JiaMemberController->init()
 #15 /home_ext/hamaguchi/jia/lib/wired/Wired/Zend/Controller/Action.php(111): Zend_Controller_Action->__construct(Object(Zend_Controller_Request_Http), Object(Zend_Controller_Response_Http), Array)
 #16 /home_ext/hamaguchi/jia/lib/wired/Wired/Admin/Controller/Action.php(50): Wired_Zend_Controller_Action->__construct(Object(Zend_Controller_Request_Http), Object(Zend_Controller_Response_Http), Array)
 #17 /home_ext/hamaguchi/jia/lib/zend/Zend/Controller/Dispatcher/Standard.php(209): Wired_Admin_Controller_Action->__construct(Object(Zend_Controller_Request_Http), Object(Zend_Controller_Response_Http), Array)
 #18 /home_ext/hamaguchi/jia/lib/zend/Zend/Controller/Front.php(889): Zend_Controller_Dispatcher_Standard->dispatch(Object(Zend_Controller_Request_Http), Object(Zend_Controller_Response_Http))
 #19 /home_ext/hamaguchi/jia/public/index.php(28): Zend_Controller_Front->dispatch()
 #20 {main}
